<?xml version="1.0" encoding="UTF-8"?>
<!-- Generated by org.testng.reporters.JUnitReportReporter -->
<testsuite skipped="0" hostname="NDI-LAP-840" name="autodemo.tests.engageproductdetailstest" tests="1" failures="0" timestamp="2021-03-12T17:22:29 IST" time="1.804" errors="0">
  <testcase name="engageproductdetails" time="1.804" classname="autodemo.tests.engageproductdetailstest"/>
</testsuite> <!-- autodemo.tests.engageproductdetailstest -->
