<?xml version="1.0" encoding="UTF-8"?>
<!-- Generated by org.testng.reporters.JUnitReportReporter -->
<testsuite skipped="0" hostname="NDI-LAP-840" name="autodemo.tests.AddProductTest" tests="1" failures="0" timestamp="2021-03-12T17:22:29 IST" time="12.032" errors="0">
  <testcase name="addproduct" time="12.032" classname="autodemo.tests.AddProductTest"/>
</testsuite> <!-- autodemo.tests.AddProductTest -->
