<?xml version="1.0" encoding="UTF-8"?>
<!-- Generated by org.testng.reporters.JUnitReportReporter -->
<testsuite skipped="0" hostname="NDI-LAP-840" name="autodemo.tests.detailsmatchingtest" tests="1" failures="0" timestamp="2021-03-05T01:32:00 IST" time="134.267" errors="0">
  <testcase name="detailsmatch" time="134.267" classname="autodemo.tests.detailsmatchingtest"/>
  <system-out/>
</testsuite> <!-- autodemo.tests.detailsmatchingtest -->
