<?xml version="1.0" encoding="UTF-8"?>
<!-- Generated by org.testng.reporters.JUnitReportReporter -->
<testsuite skipped="0" hostname="NDI-LAP-840" name="autodemo.tests.productdetailstest" tests="1" failures="0" timestamp="2021-03-12T17:22:28 IST" time="4.960" errors="0">
  <testcase name="productdetails" time="4.960" classname="autodemo.tests.productdetailstest"/>
</testsuite> <!-- autodemo.tests.productdetailstest -->
