<?xml version="1.0" encoding="UTF-8"?>
<!-- Generated by org.testng.reporters.JUnitReportReporter -->
<testsuite skipped="0" hostname="NDI-LAP-840" name="autodemo.tests.createproducttest" tests="1" failures="0" timestamp="2021-03-12T17:22:29 IST" time="11.314" errors="0">
  <testcase name="createproduct" time="11.314" classname="autodemo.tests.createproducttest"/>
</testsuite> <!-- autodemo.tests.createproducttest -->
